Using pre-set license
Built from '2020.3/staging' branch; Version is '2020.3.0f1 (c7b5465681fb) revision 13088070'; Using compiler version '192528614'; Build Type 'Release'
OS: 'Windows 10 Home; OS build 19042.985; Version 2009; 64bit' Language: 'es' Physical Memory: 16276 MB
BatchMode: 1, IsHumanControllingUs: 0, StartBugReporterOnCrash: 0, Is64bit: 1, IsPro: 0

 COMMAND LINE ARGUMENTS:
C:\Program Files\Unity\Hub\Editor\2020.3.0f1\Editor\Unity.exe
-adb2
-batchMode
-noUpm
-name
AssetImportWorker0
-projectPath
C:/Users/Sebastian/Documents/GitHub/Juego_cocina/Proyecto Cocina
-logFile
Logs/AssetImportWorker0.log
-srvPort
64822
Successfully changed project path to: C:/Users/Sebastian/Documents/GitHub/Juego_cocina/Proyecto Cocina
C:/Users/Sebastian/Documents/GitHub/Juego_cocina/Proyecto Cocina
Using Asset Import Pipeline V2.
Refreshing native plugins compatible for Editor in 83.77 ms, found 1 plugins.
Preloading 0 native plugins for Editor in 0.00 ms.
Initialize engine version: 2020.3.0f1 (c7b5465681fb)
[Subsystems] Discovering subsystems at path C:/Program Files/Unity/Hub/Editor/2020.3.0f1/Editor/Data/Resources/UnitySubsystems
[Subsystems] Discovering subsystems at path C:/Users/Sebastian/Documents/GitHub/Juego_cocina/Proyecto Cocina/Assets
GfxDevice: creating device client; threaded=0
Direct3D:
    Version:  Direct3D 11.0 [level 11.1]
    Renderer: NVIDIA GeForce GTX 1060 with Max-Q Design (ID=0x1c20)
    Vendor:   
    VRAM:     6052 MB
    Driver:   27.21.14.6627
Initialize mono
Mono path[0] = 'C:/Program Files/Unity/Hub/Editor/2020.3.0f1/Editor/Data/Managed'
Mono path[1] = 'C:/Program Files/Unity/Hub/Editor/2020.3.0f1/Editor/Data/MonoBleedingEdge/lib/mono/unityjit'
Mono config path = 'C:/Program Files/Unity/Hub/Editor/2020.3.0f1/Editor/Data/MonoBleedingEdge/etc'
Using monoOptions --debugger-agent=transport=dt_socket,embedding=1,server=y,suspend=n,address=127.0.0.1:56420
Begin MonoManager ReloadAssembly
Registering precompiled unity dll's ...
Register platform support module: C:/Program Files/Unity/Hub/Editor/2020.3.0f1/Editor/Data/PlaybackEngines/WindowsStandaloneSupport/UnityEditor.WindowsStandalone.Extensions.dll
Registered in 0.005678 seconds.
Native extension for WindowsStandalone target not found
Refreshing native plugins compatible for Editor in 88.79 ms, found 1 plugins.
Preloading 0 native plugins for Editor in 0.00 ms.
Invoked RoslynAnalysisRunner static constructor.
RoslynAnalysisRunner will not be running.
RoslynAnalysisRunner has terminated.
Mono: successfully reloaded assembly
- Completed reload, in  4.711 seconds
Platform modules already initialized, skipping
Registering precompiled user dll's ...
Registered in 0.003090 seconds.
Begin MonoManager ReloadAssembly
Native extension for WindowsStandalone target not found
Refreshing native plugins compatible for Editor in 83.99 ms, found 1 plugins.
Preloading 0 native plugins for Editor in 0.00 ms.
Invoked RoslynAnalysisRunner static constructor.
RoslynAnalysisRunner will not be running.
RoslynAnalysisRunner has terminated.
Mono: successfully reloaded assembly
- Completed reload, in  3.482 seconds
Platform modules already initialized, skipping
========================================================================
Worker process is ready to serve import requests
Launched and connected shader compiler UnityShaderCompiler.exe after 0.18 seconds
Refreshing native plugins compatible for Editor in 1.10 ms, found 1 plugins.
Preloading 0 native plugins for Editor in 0.00 ms.
Unloading 1816 Unused Serialized files (Serialized files now loaded: 0)
System memory in use before: 84.7 MB.
System memory in use after: 84.8 MB.

Unloading 19 unused Assets to reduce memory usage. Loaded Objects now: 2263.
Total: 6.724200 ms (FindLiveObjects: 0.528300 ms CreateObjectMapping: 0.204700 ms MarkObjects: 5.862500 ms  DeleteObjects: 0.126100 ms)

========================================================================
Received Import Request.
  path: Assets/Scenes/nivel1.unity
  artifactKey: Guid(4ee7e345a0056f84f8e14861c2f8f213) Importer(815301076,1909f56bfc062723c751e8b465ee728b)
Start importing Assets/Scenes/nivel1.unity using Guid(4ee7e345a0056f84f8e14861c2f8f213) Importer(815301076,1909f56bfc062723c751e8b465ee728b)  -> (artifact id: '70f2d29c000ede25a4419f4585ccbe96') in 0.042653 seconds
  Import took 0.053247 seconds .

========================================================================
Received Import Request.
  Time since last request: 0.000377 seconds.
  path: Assets/Scenes/Nivel.unity
  artifactKey: Guid(a755cb985018a99418940c097c65fd3e) Importer(815301076,1909f56bfc062723c751e8b465ee728b)
Start importing Assets/Scenes/Nivel.unity using Guid(a755cb985018a99418940c097c65fd3e) Importer(815301076,1909f56bfc062723c751e8b465ee728b)  -> (artifact id: 'c302a9d1eacdc0305c0a8c32a66a2b80') in 0.027839 seconds
  Import took 0.038123 seconds .

========================================================================
Received Import Request.
  Time since last request: 1.301328 seconds.
  path: Assets/Sprites/bread board.png
  artifactKey: Guid(ac820653a0634c943b5a04a064c99036) Importer(815301076,1909f56bfc062723c751e8b465ee728b)
Start importing Assets/Sprites/bread board.png using Guid(ac820653a0634c943b5a04a064c99036) Importer(815301076,1909f56bfc062723c751e8b465ee728b)  -> (artifact id: '96e99e58abea76c47c0035afffc3ef5b') in 0.558863 seconds
  Import took 0.572999 seconds .

========================================================================
Received Import Request.
  Time since last request: 0.000387 seconds.
  path: Assets/Sprites/bun top.png
  artifactKey: Guid(50e82a19ccc37f242a9beff25a2d0983) Importer(815301076,1909f56bfc062723c751e8b465ee728b)
Start importing Assets/Sprites/bun top.png using Guid(50e82a19ccc37f242a9beff25a2d0983) Importer(815301076,1909f56bfc062723c751e8b465ee728b)  -> (artifact id: '32644b5fd23981efbf7770e836bcee1d') in 0.073547 seconds
  Import took 0.083029 seconds .

========================================================================
Received Import Request.
  Time since last request: 0.000290 seconds.
  path: Assets/Sprites/burger patty.png
  artifactKey: Guid(9ff58c89e13d2364b8a11786e6729820) Importer(815301076,1909f56bfc062723c751e8b465ee728b)
Start importing Assets/Sprites/burger patty.png using Guid(9ff58c89e13d2364b8a11786e6729820) Importer(815301076,1909f56bfc062723c751e8b465ee728b)  -> (artifact id: 'bf9b35b4e304b3a3364873a2b50efd29') in 0.066328 seconds
  Import took 0.075881 seconds .

========================================================================
Received Import Request.
  Time since last request: 0.000326 seconds.
  path: Assets/Sprites/hotdog bin.png
  artifactKey: Guid(904fd097b3b635743b4cc81d544e1a72) Importer(815301076,1909f56bfc062723c751e8b465ee728b)
Start importing Assets/Sprites/hotdog bin.png using Guid(904fd097b3b635743b4cc81d544e1a72) Importer(815301076,1909f56bfc062723c751e8b465ee728b)  -> (artifact id: '5b16c98a5afe6204f29ce06826ca96ab') in 0.073009 seconds
  Import took 0.122132 seconds .

========================================================================
Received Import Request.
  Time since last request: 0.000862 seconds.
  path: Assets/Sprites/diner counter.png
  artifactKey: Guid(bac29802212c8c241973f1594c522b77) Importer(815301076,1909f56bfc062723c751e8b465ee728b)
Start importing Assets/Sprites/diner counter.png using Guid(bac29802212c8c241973f1594c522b77) Importer(815301076,1909f56bfc062723c751e8b465ee728b)  -> (artifact id: 'bf34dff7388e8e112403f08ebc2f5e9b') in 0.090554 seconds
  Import took 0.104957 seconds .

========================================================================
Received Import Request.
  Time since last request: 0.000186 seconds.
  path: Assets/Sprites/ketchup.png
  artifactKey: Guid(5db455d2f467a3448a577ca6252b35a9) Importer(815301076,1909f56bfc062723c751e8b465ee728b)
Start importing Assets/Sprites/ketchup.png using Guid(5db455d2f467a3448a577ca6252b35a9) Importer(815301076,1909f56bfc062723c751e8b465ee728b)  -> (artifact id: '6fbbf40541a5e24844e8a4dd616e1eca') in 0.082319 seconds
  Import took 0.091760 seconds .

========================================================================
Received Import Request.
  Time since last request: 0.002289 seconds.
  path: Assets/Sprites/hamburgers.png
  artifactKey: Guid(4a81d741f7b8a774fb20e3debb66e5e6) Importer(815301076,1909f56bfc062723c751e8b465ee728b)
Start importing Assets/Sprites/hamburgers.png using Guid(4a81d741f7b8a774fb20e3debb66e5e6) Importer(815301076,1909f56bfc062723c751e8b465ee728b)  -> (artifact id: '0ff1335a8d3d797322c6dd7dcaa85402') in 0.071765 seconds
  Import took 0.083776 seconds .

========================================================================
Received Import Request.
  Time since last request: 0.000377 seconds.
  path: Assets/Sprites/grill.png
  artifactKey: Guid(725d93bf763eb7b40bbf91edb82a9e00) Importer(815301076,1909f56bfc062723c751e8b465ee728b)
Start importing Assets/Sprites/grill.png using Guid(725d93bf763eb7b40bbf91edb82a9e00) Importer(815301076,1909f56bfc062723c751e8b465ee728b)  -> (artifact id: 'e328985a8865171b129665e9bfd68171') in 0.080416 seconds
  Import took 0.091697 seconds .

========================================================================
Received Import Request.
  Time since last request: 0.000520 seconds.
  path: Assets/Sprites/roll back.png
  artifactKey: Guid(63e3ad5ff6cf9994893b6a27ebad8102) Importer(815301076,1909f56bfc062723c751e8b465ee728b)
Start importing Assets/Sprites/roll back.png using Guid(63e3ad5ff6cf9994893b6a27ebad8102) Importer(815301076,1909f56bfc062723c751e8b465ee728b)  -> (artifact id: 'c4188ab8be76928e308391f67947db3d') in 0.076956 seconds
  Import took 0.092906 seconds .

========================================================================
Received Import Request.
  Time since last request: 0.000838 seconds.
  path: Assets/Sprites/hotdog.png
  artifactKey: Guid(f1aadb985936bd9429a9289845e0da2a) Importer(815301076,1909f56bfc062723c751e8b465ee728b)
Start importing Assets/Sprites/hotdog.png using Guid(f1aadb985936bd9429a9289845e0da2a) Importer(815301076,1909f56bfc062723c751e8b465ee728b)  -> (artifact id: '9f227399d6cdc399aff4069b89a6415e') in 0.056507 seconds
  Import took 0.071341 seconds .

========================================================================
Received Import Request.
  Time since last request: 0.000509 seconds.
  path: Assets/Sprites/roll front.png
  artifactKey: Guid(198bb9d06e61a9e4c933374e36296ef6) Importer(815301076,1909f56bfc062723c751e8b465ee728b)
Start importing Assets/Sprites/roll front.png using Guid(198bb9d06e61a9e4c933374e36296ef6) Importer(815301076,1909f56bfc062723c751e8b465ee728b)  -> (artifact id: '0e70c8cb071fd35a9a58e5cf55f57f57') in 0.060766 seconds
  Import took 0.072250 seconds .

========================================================================
Received Import Request.
  Time since last request: 0.000891 seconds.
  path: Assets/Sprites/mustard.png
  artifactKey: Guid(057c518556ecfcb4ca6e18600e030c3b) Importer(815301076,1909f56bfc062723c751e8b465ee728b)
Start importing Assets/Sprites/mustard.png using Guid(057c518556ecfcb4ca6e18600e030c3b) Importer(815301076,1909f56bfc062723c751e8b465ee728b)  -> (artifact id: '542f219fe99bc10a43b4b1460eadea43') in 0.057900 seconds
  Import took 0.068200 seconds .

========================================================================
Received Import Request.
  Time since last request: 0.000327 seconds.
  path: Assets/Sprites/bun bottom.png
  artifactKey: Guid(d2834d3004727994097794a878fb1da8) Importer(815301076,1909f56bfc062723c751e8b465ee728b)
Start importing Assets/Sprites/bun bottom.png using Guid(d2834d3004727994097794a878fb1da8) Importer(815301076,1909f56bfc062723c751e8b465ee728b)  -> (artifact id: 'fb0d0ffd132fb464d0ff2a9518c505a1') in 0.062718 seconds
  Import took 0.079581 seconds .

========================================================================
Received Import Request.
  Time since last request: 0.000579 seconds.
  path: Assets/Sprites/roll bin.png
  artifactKey: Guid(166779dfdae29304fbf225580a52fd66) Importer(815301076,1909f56bfc062723c751e8b465ee728b)
Start importing Assets/Sprites/roll bin.png using Guid(166779dfdae29304fbf225580a52fd66) Importer(815301076,1909f56bfc062723c751e8b465ee728b)  -> (artifact id: '346526fede3838fc13f3ff51a232674d') in 0.060265 seconds
  Import took 0.071830 seconds .

========================================================================
Received Import Request.
  Time since last request: 0.000354 seconds.
  path: Assets/Sprites/bun bin.png
  artifactKey: Guid(75e4ccf26fc4ca44eaa9c5cd25cdfe2e) Importer(815301076,1909f56bfc062723c751e8b465ee728b)
Start importing Assets/Sprites/bun bin.png using Guid(75e4ccf26fc4ca44eaa9c5cd25cdfe2e) Importer(815301076,1909f56bfc062723c751e8b465ee728b)  -> (artifact id: 'c9771235dc7511a1a3d56d99904093ad') in 0.068970 seconds
  Import took 0.075802 seconds .

========================================================================
Received Import Request.
  Time since last request: 20.967725 seconds.
  path: Assets/Sprites/Nuevos assets/Botones.png
  artifactKey: Guid(727edb55405d3c84890d7a0ebb8c2e6c) Importer(815301076,1909f56bfc062723c751e8b465ee728b)
Start importing Assets/Sprites/Nuevos assets/Botones.png using Guid(727edb55405d3c84890d7a0ebb8c2e6c) Importer(815301076,1909f56bfc062723c751e8b465ee728b)  -> (artifact id: '6f55214adc7621051049c0e846095bbc') in 0.061913 seconds
  Import took 0.071212 seconds .

========================================================================
Received Import Request.
  Time since last request: 0.000387 seconds.
  path: Assets/Sprites/Nuevos assets/Pantalla_principal.png
  artifactKey: Guid(38dbde4a4f8e3d24b916b6cbfcdde375) Importer(815301076,1909f56bfc062723c751e8b465ee728b)
Start importing Assets/Sprites/Nuevos assets/Pantalla_principal.png using Guid(38dbde4a4f8e3d24b916b6cbfcdde375) Importer(815301076,1909f56bfc062723c751e8b465ee728b)  -> (artifact id: 'ff3815482cd1f8ce1f828502abd84398') in 0.064833 seconds
  Import took 0.085613 seconds .

========================================================================
Received Import Request.
  Time since last request: 0.001014 seconds.
  path: Assets/Sprites/Nuevos assets/Menu.png
  artifactKey: Guid(7cf91b28805f1454281de70e3294eb18) Importer(815301076,1909f56bfc062723c751e8b465ee728b)
Start importing Assets/Sprites/Nuevos assets/Menu.png using Guid(7cf91b28805f1454281de70e3294eb18) Importer(815301076,1909f56bfc062723c751e8b465ee728b)  -> (artifact id: '6b8750c150ce873d6172bde4f9a3bb43') in 0.203730 seconds
  Import took 0.234466 seconds .

========================================================================
Received Import Request.
  Time since last request: 0.000357 seconds.
  path: Assets/Sprites/Nuevos assets/elementos.png
  artifactKey: Guid(2134653d1b86eb44fa30ee03979ff983) Importer(815301076,1909f56bfc062723c751e8b465ee728b)
Start importing Assets/Sprites/Nuevos assets/elementos.png using Guid(2134653d1b86eb44fa30ee03979ff983) Importer(815301076,1909f56bfc062723c751e8b465ee728b)  -> (artifact id: 'b045cf7fdcd89e9385fcf2c4e5bb7c82') in 0.516760 seconds
  Import took 0.525828 seconds .

========================================================================
Received Import Request.
  Time since last request: 0.000526 seconds.
  path: Assets/Sprites/Nuevos assets/Cocina.png
  artifactKey: Guid(4773b18ea4b595541beb28d54df25074) Importer(815301076,1909f56bfc062723c751e8b465ee728b)
Start importing Assets/Sprites/Nuevos assets/Cocina.png using Guid(4773b18ea4b595541beb28d54df25074) Importer(815301076,1909f56bfc062723c751e8b465ee728b)  -> (artifact id: '3765c6d2e45effa4ec3fcd7d9408213e') in 0.055936 seconds
  Import took 0.066884 seconds .

========================================================================
Received Import Request.
  Time since last request: 0.000341 seconds.
  path: Assets/Sprites/Nuevos assets/Cocina3.png
  artifactKey: Guid(8d1a3b543b66c66468191b77e292254f) Importer(815301076,1909f56bfc062723c751e8b465ee728b)
Start importing Assets/Sprites/Nuevos assets/Cocina3.png using Guid(8d1a3b543b66c66468191b77e292254f) Importer(815301076,1909f56bfc062723c751e8b465ee728b)  -> (artifact id: '53fa0507df72564ffdf193e61f06f035') in 0.068202 seconds
  Import took 0.074473 seconds .

========================================================================
Received Prepare
Registering precompiled user dll's ...
Registered in 0.002891 seconds.
Begin MonoManager ReloadAssembly
Native extension for WindowsStandalone target not found
Refreshing native plugins compatible for Editor in 1.00 ms, found 1 plugins.
Preloading 0 native plugins for Editor in 0.00 ms.
Invoked RoslynAnalysisRunner static constructor.
RoslynAnalysisRunner will not be running.
RoslynAnalysisRunner has terminated.
Mono: successfully reloaded assembly
- Completed reload, in  2.622 seconds
Platform modules already initialized, skipping
Refreshing native plugins compatible for Editor in 0.77 ms, found 1 plugins.
Preloading 0 native plugins for Editor in 0.00 ms.
Unloading 1808 Unused Serialized files (Serialized files now loaded: 0)
System memory in use before: 87.5 MB.
System memory in use after: 87.6 MB.

Unloading 7 unused Assets to reduce memory usage. Loaded Objects now: 2325.
Total: 4.371100 ms (FindLiveObjects: 0.399700 ms CreateObjectMapping: 0.173800 ms MarkObjects: 3.751800 ms  DeleteObjects: 0.043600 ms)

========================================================================
Received Import Request.
  Time since last request: 22.315510 seconds.
  path: Assets/Scripts/Nuevos
  artifactKey: Guid(751d675af54339547a2cb5ba8da1b17e) Importer(815301076,1909f56bfc062723c751e8b465ee728b)
Start importing Assets/Scripts/Nuevos using Guid(751d675af54339547a2cb5ba8da1b17e) Importer(815301076,1909f56bfc062723c751e8b465ee728b)  -> (artifact id: 'a0adc708f9ecfa8c6e0276fd03371238') in 0.032234 seconds
  Import took 0.038752 seconds .

========================================================================
Received Import Request.
  Time since last request: 1.442484 seconds.
  path: Assets/Scenes/Main.unity
  artifactKey: Guid(2cda990e2423bbf4892e6590ba056729) Importer(815301076,1909f56bfc062723c751e8b465ee728b)
Start importing Assets/Scenes/Main.unity using Guid(2cda990e2423bbf4892e6590ba056729) Importer(815301076,1909f56bfc062723c751e8b465ee728b)  -> (artifact id: '0c2c9b1ede8c085c4c17b4c0826bd341') in 0.052331 seconds
  Import took 0.063259 seconds .

========================================================================
Received Import Request.
  Time since last request: 288.541601 seconds.
  path: Assets/Scenes/Main.unity
  artifactKey: Guid(2cda990e2423bbf4892e6590ba056729) Importer(815301076,1909f56bfc062723c751e8b465ee728b)
Start importing Assets/Scenes/Main.unity using Guid(2cda990e2423bbf4892e6590ba056729) Importer(815301076,1909f56bfc062723c751e8b465ee728b)  -> (artifact id: 'a93fd78cb01719baf88be33b479a565f') in 0.017869 seconds
  Import took 0.036444 seconds .

